2025-03-22 22:58:33: [undefined]: info: Succefully started the server
2025-03-22 22:59:23:  info: Succefully started the server
2025-03-22 23:00:42:  info: Succefully started the server
2025-03-22 23:03:31:  info: Succefully started the server: undefined
2025-03-22 23:05:43:  info: Succefully started the server: undefined
2025-03-22 23:28:33:  info: Succefully started the server: undefined
2025-03-23 14:20:15:  info: Succefully started the server: undefined
2025-03-27 20:08:11:  info: Succefully started the server: undefined
2025-03-27 20:12:05:  info: Succefully started the server
2025-03-27 20:12:16:  info: Succefully started the server
2025-04-23 14:10:52:  info: Succefully started the server
2025-04-23 14:18:16:  info: Succefully started the server
2025-04-23 14:22:32:  info: Succefully started the server
2025-04-23 14:22:42:  info: Succefully started the server
2025-04-23 14:48:05:  info: Succefully started the server
2025-04-23 14:48:40:  info: Succefully started the server
2025-04-23 14:53:51:  info: Succefully started the server
2025-04-23 15:00:20:  info: Succefully started the server
2025-04-23 15:01:52:  info: Succefully started the server
2025-04-23 15:01:55:  info: Succefully started the server
2025-04-23 15:03:31:  info: Succefully started the server
2025-04-23 15:05:02:  info: Succefully started the server
2025-04-23 15:05:07:  info: Succefully started the server
2025-04-23 15:07:54:  info: Succefully started the server
2025-04-23 15:09:36:  info: Succefully started the server
2025-04-23 15:10:24:  info: Succefully started the server
2025-04-23 15:11:24:  info: Succefully started the server
2025-04-23 15:11:58:  info: Succefully started the server
2025-04-23 15:12:27:  info: Succefully started the server
2025-04-23 15:12:36:  info: Succefully started the server
2025-04-23 15:14:41:  info: Succefully started the server
2025-04-23 15:20:14:  info: Succefully started the server
2025-04-23 15:20:44:  info: Succefully started the server
2025-04-23 15:22:41:  info: Succefully started the server
2025-04-23 15:22:54:  info: Succefully started the server
2025-04-23 15:24:07:  info: Succefully started the server
2025-04-23 15:25:20:  info: Succefully started the server
2025-04-23 15:25:38:  info: Succefully started the server
2025-04-23 15:25:43:  info: Succefully started the server
2025-04-23 15:25:46:  info: Succefully started the server
2025-04-23 15:26:11:  info: Succefully started the server
2025-04-23 15:26:37:  info: Succefully started the server
2025-04-23 15:27:17:  info: Succefully started the server
2025-04-23 15:27:20:  info: Succefully started the server
2025-04-23 15:29:47:  info: Succefully started the server
2025-04-23 15:30:02:  info: Succefully started the server
2025-04-23 15:37:38:  info: Succefully started the server
2025-04-23 19:30:33:  info: Succefully started the server
2025-04-23 22:21:09:  info: Succefully started the server
2025-04-24 19:31:23:  info: Succefully started the server
2025-04-24 19:34:57:  info: Succefully started the server
2025-04-24 19:38:20:  info: Succefully started the server
2025-04-24 19:46:07:  info: Succefully started the server
2025-04-24 19:54:28:  info: Succefully started the server
2025-04-24 20:00:33:  info: Succefully started the server
2025-04-24 20:03:09:  info: Succefully started the server
2025-04-24 20:07:01:  info: Succefully started the server
2025-04-24 20:14:45:  info: Succefully started the server
2025-04-24 20:19:42:  info: Succefully started the server
2025-04-24 20:19:54:  info: Succefully started the server
2025-04-24 20:24:18:  info: Succefully started the server
2025-04-24 20:28:32:  info: Succefully started the server
2025-04-24 20:30:33:  info: Succefully started the server
2025-04-24 20:33:25:  info: Succefully started the server
2025-04-24 20:33:39:  info: Succefully started the server
2025-04-24 20:36:49:  info: Succefully started the server
2025-04-24 20:37:59:  info: Succefully started the server
2025-04-24 20:41:29:  info: Succefully started the server
2025-04-24 20:46:53:  info: Succefully started the server
2025-04-24 20:46:55:  info: Succefully started the server
2025-04-24 20:50:23:  info: Succefully started the server
2025-04-24 20:56:15:  info: Succefully started the server
2025-04-24 21:00:24:  info: Succefully started the server
2025-04-24 21:01:31:  info: Succefully started the server
2025-04-24 21:03:38:  info: Succefully started the server
2025-04-24 21:05:47:  info: Succefully started the server
2025-04-24 21:07:14:  info: Succefully started the server
2025-04-24 21:07:24:  info: Succefully started the server
2025-04-24 21:07:43:  info: Succefully started the server
2025-04-24 21:08:24:  info: Succefully started the server
2025-04-24 21:10:57:  info: Succefully started the server
2025-04-24 21:11:09:  info: Succefully started the server
2025-04-24 21:11:18:  info: Succefully started the server
2025-04-24 21:11:54:  info: Succefully started the server
2025-04-24 21:15:20:  info: Successfully started the server
2025-04-24 21:18:18:  info: Successfully started the server
2025-04-24 21:19:14:  info: Successfully started the server
2025-04-24 21:20:02:  info: Successfully started the server
2025-04-24 21:21:36:  info: Successfully started the server
2025-04-24 21:22:32:  info: Successfully started the server
2025-04-24 21:25:47:  info: Successfully started the server
2025-04-24 21:26:02:  info: Successfully started the server
2025-04-24 21:27:12:  info: Successfully started the server
2025-04-24 21:29:24:  info: Successfully started the server
2025-04-24 21:29:44:  info: Successfully started the server
2025-04-25 09:21:46:  info: Successfully started the server
2025-04-25 09:25:36:  info: Successfully started the server
2025-04-25 09:26:11:  info: Successfully started the server
2025-04-25 09:26:14:  info: Successfully started the server
2025-04-25 09:31:35:  info: Successfully started the server
2025-04-25 09:32:14:  info: Successfully started the server
2025-04-25 09:38:38:  info: Successfully started the server
2025-04-25 09:40:24:  info: Successfully started the server
2025-04-25 09:46:59:  info: Successfully started the server
2025-04-25 09:47:58:  info: Successfully started the server
2025-04-25 09:48:12:  info: Successfully started the server
2025-04-25 09:50:55:  info: Successfully started the server
2025-04-25 09:52:28:  info: Successfully started the server
2025-04-25 09:58:39:  info: Successfully started the server
2025-04-25 10:01:05:  info: Successfully started the server
2025-04-25 10:04:18:  info: Successfully started the server
2025-04-25 10:07:32:  info: Successfully started the server
2025-04-25 10:07:45:  info: Successfully started the server
2025-04-25 10:09:07:  info: Successfully started the server
2025-04-25 10:10:59:  info: Successfully started the server
2025-04-25 10:13:20:  info: Successfully started the server
2025-04-25 10:15:24:  info: Successfully started the server
2025-04-25 10:15:49:  info: Successfully started the server
2025-04-25 10:17:58:  info: Successfully started the server
2025-04-25 10:21:54:  info: Successfully started the server
2025-04-25 10:22:05:  info: Successfully started the server
2025-04-25 10:24:36:  info: Successfully started the server
2025-04-25 10:25:38:  info: Successfully started the server
2025-04-25 10:28:24:  info: Successfully started the server
2025-04-25 10:32:30:  info: Successfully started the server
2025-04-25 10:34:58:  info: Successfully started the server
2025-04-25 10:36:19:  info: Successfully started the server
2025-04-25 10:36:59:  info: Successfully started the server
2025-04-25 10:45:27:  info: Successfully started the server
2025-04-25 10:50:37:  info: Successfully started the server
2025-04-25 10:53:06:  info: Successfully started the server on port 4000
2025-04-25 10:58:06:  info: Successfully started the server on port 4000
2025-04-25 11:11:34:  info: Successfully started the server on port 4000
2025-04-25 11:14:26:  info: Successfully started the server on port 4000
2025-04-25 11:16:38:  info: Successfully started the server on port 4000
2025-04-25 11:17:20:  info: Successfully started the server on port 4000
2025-04-25 11:22:57:  info: Successfully started the server on port 4000
2025-04-25 11:23:30:  info: Successfully started the server on port 4000
2025-04-25 11:25:53:  info: Successfully started the server on port 4000
2025-04-25 11:27:46:  info: Successfully started the server on port 4000
2025-04-25 11:28:21:  info: Successfully started the server on port 4000
2025-04-25 11:28:31:  info: Successfully started the server on port 4000
2025-04-25 11:29:26:  info: Successfully started the server on port 4000
2025-04-25 11:31:35:  info: Successfully started the server on port 4000
2025-04-25 11:34:56:  info: Successfully started the server on port 4000
2025-04-25 11:36:17:  info: Successfully started the server on port 4000
2025-04-25 11:38:12:  info: Successfully started the server on port 4000
2025-04-25 11:38:35:  info: Successfully started the server on port 4000
2025-04-25 11:42:02:  info: Successfully started the server on port 4000
2025-04-25 11:44:09:  info: Successfully started the server on port 4000
2025-04-25 11:44:20:  info: Successfully started the server on port 4000
2025-04-25 11:45:13:  info: Successfully started the server on port 4000
2025-04-25 11:45:59:  info: Successfully started the server on port 4000
2025-04-25 11:46:27:  info: Successfully started the server on port 4000
2025-04-25 11:46:48:  info: Successfully started the server on port 4000
2025-04-25 11:47:28:  info: Successfully started the server on port 4000
2025-04-25 11:48:17:  info: Successfully started the server on port 4000
2025-04-25 11:50:16:  info: Successfully started the server on port 4000
2025-04-25 11:50:48:  info: Successfully started the server on port 4000
2025-04-25 11:51:45:  info: Successfully started the server on port 4000
2025-04-25 11:53:25:  info: Successfully started the server on port 4000
2025-04-25 11:56:50:  info: Successfully started the server on port 4000
2025-04-25 12:03:12:  info: Successfully started the server on port 4000
2025-04-25 12:07:33:  info: Successfully started the server on port 4000
2025-04-25 12:09:30:  info: Successfully started the server on port 4000
2025-04-25 12:11:34:  info: Successfully started the server on port 4000
2025-04-25 12:28:50:  info: Successfully started the server on port 4000
2025-04-25 12:37:08:  info: Successfully started the server on port 4000
2025-04-25 12:43:44:  info: Successfully started the server on port 4000
2025-04-25 12:45:58:  info: Successfully started the server on port 4000
2025-04-25 12:47:23:  info: Successfully started the server on port 4000
2025-04-25 12:47:33:  info: Successfully started the server on port 4000
2025-04-25 13:54:44:  info: Successfully started the server on port 4000
2025-04-25 13:55:57:  info: Successfully started the server on port 4000
2025-04-25 13:56:01:  info: Successfully started the server on port 4000
2025-04-25 13:56:04:  info: Successfully started the server on port 4000
2025-04-25 14:03:06:  info: Successfully started the server on port 4000
2025-04-25 14:03:32:  info: Successfully started the server on port 4000
2025-04-25 14:04:25:  info: Successfully started the server on port 4000
2025-04-25 14:07:56:  info: Successfully started the server on port 4000
2025-04-25 18:25:56:  info: Successfully started the server on port 4000
2025-04-25 18:31:39:  info: Successfully started the server on port 4000
2025-04-25 18:32:09:  info: Successfully started the server on port 4000
2025-04-25 18:41:32:  info: Successfully started the server on port 4000
2025-04-25 18:42:09:  info: Successfully started the server on port 4000
2025-04-25 18:43:30:  info: Successfully started the server on port 4000
2025-04-25 18:44:00:  info: Successfully started the server on port 4000
2025-04-25 18:47:17:  info: Successfully started the server on port 4000
2025-04-25 18:47:42:  info: Successfully started the server on port 4000
2025-04-25 18:49:18:  info: Successfully started the server on port 4000
2025-04-25 18:50:31:  info: Successfully started the server on port 4000
2025-04-25 18:50:54:  info: Successfully started the server on port 4000
2025-04-25 18:51:40:  info: Successfully started the server on port 4000
2025-04-25 18:53:24:  info: Successfully started the server on port 4000
2025-04-25 18:57:26:  info: Successfully started the server on port 4000
2025-04-25 19:02:12:  info: Successfully started the server on port 4000
2025-04-25 19:02:45:  info: Successfully started the server on port 4000
2025-04-25 19:06:07:  info: Successfully started the server on port 4000
2025-04-25 19:06:41:  info: Successfully started the server on port 4000
2025-04-25 19:12:13:  info: Successfully started the server on port 4000
2025-04-25 19:13:34:  info: Successfully started the server on port 4000
2025-04-25 19:16:13:  info: Successfully started the server on port 4000
2025-04-25 19:16:54:  info: Successfully started the server on port 4000
2025-04-25 19:18:48:  info: Successfully started the server on port 4000
2025-04-25 19:19:00:  info: Successfully started the server on port 4000
2025-04-25 19:19:19:  info: Successfully started the server on port 4000
2025-04-25 19:20:19:  info: Successfully started the server on port 4000
2025-04-25 19:21:56:  info: Successfully started the server on port 4000
2025-04-25 19:22:07:  info: Successfully started the server on port 4000
2025-04-25 19:22:40:  info: Successfully started the server on port 4000
2025-04-25 19:23:33:  info: Successfully started the server on port 4000
2025-04-25 19:23:52:  info: Successfully started the server on port 4000
2025-04-25 19:26:03:  info: Successfully started the server on port 4000
2025-04-25 19:26:35:  info: Successfully started the server on port 4000
2025-04-25 19:27:29:  info: Successfully started the server on port 4000
2025-04-25 19:27:57:  info: Successfully started the server on port 4000
2025-04-25 19:28:07:  info: Successfully started the server on port 4000
2025-04-25 19:30:59:  info: Successfully started the server on port 4000
